<?xml version="1.0" encoding="UTF-8"?>
<testng-results skipped="0" failed="1" ignored="0" total="1" passed="0">
  <reporter-output>
  </reporter-output>
  <suite name="Default suite" duration-ms="3280" started-at="2017-11-04T18:35:45Z" finished-at="2017-11-04T18:35:48Z">
    <groups>
    </groups>
    <test name="Default test" duration-ms="3280" started-at="2017-11-04T18:35:45Z" finished-at="2017-11-04T18:35:48Z">
      <class name="Questions.Question2span">
        <test-method status="PASS" signature="beforeTest()[pri:0, instance:Questions.Question2span@1e88b3c]" name="beforeTest" is-config="true" duration-ms="2938" started-at="2017-11-04T14:35:45Z" finished-at="2017-11-04T14:35:48Z">
          <reporter-output>
          </reporter-output>
        </test-method> <!-- beforeTest -->
        <test-method status="FAIL" signature="siteNavigation()[pri:0, instance:Questions.Question2span@1e88b3c]" name="siteNavigation" duration-ms="314" started-at="2017-11-04T14:35:48Z" finished-at="2017-11-04T14:35:48Z">
          <exception class="org.openqa.selenium.NoSuchElementException">
            <message>
              <![CDATA[no such element: Unable to locate element: {"method":"xpath","selector":"//span[.='Applesauce']"}
  (Session info: chrome=61.0.3163.100)
  (Driver info: chromedriver=2.25.426935 (820a95b0b81d33e42712f9198c215f703412e1a1),platform=Mac OS X 10.11.5 x86_64) (WARNING: The server did not provide any stacktrace information)
Command duration or timeout: 31 milliseconds
For documentation on this error, please visit: http://seleniumhq.org/exceptions/no_such_element.html
Build info: version: '3.4.0', revision: 'unknown', time: 'unknown'
System info: host: 'Pedros-MacBook-Air.local', ip: 'fe80:0:0:0:9a01:a7ff:feda:fde7%en0', os.name: 'Mac OS X', os.arch: 'x86_64', os.version: '10.11.5', java.version: '1.8.0_131'
Driver info: org.openqa.selenium.chrome.ChromeDriver
Capabilities [{applicationCacheEnabled=false, rotatable=false, mobileEmulationEnabled=false, networkConnectionEnabled=false, chrome={chromedriverVersion=2.25.426935 (820a95b0b81d33e42712f9198c215f703412e1a1), userDataDir=/var/folders/tf/gnh1pr9d7_9_t2006mf7pzdh0000gn/T/.org.chromium.Chromium.1Z2DXC}, takesHeapSnapshot=true, pageLoadStrategy=normal, databaseEnabled=false, handlesAlerts=true, hasTouchScreen=false, version=61.0.3163.100, platform=MAC, browserConnectionEnabled=false, nativeEvents=true, acceptSslCerts=true, locationContextEnabled=true, webStorageEnabled=true, browserName=chrome, takesScreenshot=true, javascriptEnabled=true, cssSelectorsEnabled=true}]
Session ID: b9c7a58a2fcb9c6ee7eedadc5b330e1c
*** Element info: {Using=xpath, value=//span[.='Applesauce']}]]>
            </message>
            <full-stacktrace>
              <![CDATA[org.openqa.selenium.NoSuchElementException: no such element: Unable to locate element: {"method":"xpath","selector":"//span[.='Applesauce']"}
  (Session info: chrome=61.0.3163.100)
  (Driver info: chromedriver=2.25.426935 (820a95b0b81d33e42712f9198c215f703412e1a1),platform=Mac OS X 10.11.5 x86_64) (WARNING: The server did not provide any stacktrace information)
Command duration or timeout: 31 milliseconds
For documentation on this error, please visit: http://seleniumhq.org/exceptions/no_such_element.html
Build info: version: '3.4.0', revision: 'unknown', time: 'unknown'
System info: host: 'Pedros-MacBook-Air.local', ip: 'fe80:0:0:0:9a01:a7ff:feda:fde7%en0', os.name: 'Mac OS X', os.arch: 'x86_64', os.version: '10.11.5', java.version: '1.8.0_131'
Driver info: org.openqa.selenium.chrome.ChromeDriver
Capabilities [{applicationCacheEnabled=false, rotatable=false, mobileEmulationEnabled=false, networkConnectionEnabled=false, chrome={chromedriverVersion=2.25.426935 (820a95b0b81d33e42712f9198c215f703412e1a1), userDataDir=/var/folders/tf/gnh1pr9d7_9_t2006mf7pzdh0000gn/T/.org.chromium.Chromium.1Z2DXC}, takesHeapSnapshot=true, pageLoadStrategy=normal, databaseEnabled=false, handlesAlerts=true, hasTouchScreen=false, version=61.0.3163.100, platform=MAC, browserConnectionEnabled=false, nativeEvents=true, acceptSslCerts=true, locationContextEnabled=true, webStorageEnabled=true, browserName=chrome, takesScreenshot=true, javascriptEnabled=true, cssSelectorsEnabled=true}]
Session ID: b9c7a58a2fcb9c6ee7eedadc5b330e1c
*** Element info: {Using=xpath, value=//span[.='Applesauce']}
	at sun.reflect.NativeConstructorAccessorImpl.newInstance0(Native Method)
	at sun.reflect.NativeConstructorAccessorImpl.newInstance(NativeConstructorAccessorImpl.java:62)
	at sun.reflect.DelegatingConstructorAccessorImpl.newInstance(DelegatingConstructorAccessorImpl.java:45)
	at java.lang.reflect.Constructor.newInstance(Constructor.java:423)
	at org.openqa.selenium.remote.ErrorHandler.createThrowable(ErrorHandler.java:215)
	at org.openqa.selenium.remote.ErrorHandler.throwIfResponseFailed(ErrorHandler.java:167)
	at org.openqa.selenium.remote.RemoteWebDriver.execute(RemoteWebDriver.java:671)
	at org.openqa.selenium.remote.RemoteWebDriver.findElement(RemoteWebDriver.java:410)
	at org.openqa.selenium.remote.RemoteWebDriver.findElementByXPath(RemoteWebDriver.java:509)
	at org.openqa.selenium.By$ByXPath.findElement(By.java:361)
	at org.openqa.selenium.remote.RemoteWebDriver.findElement(RemoteWebDriver.java:402)
	at Questions.Question2span.siteNavigation(Question2span.java:32)
	at sun.reflect.NativeMethodAccessorImpl.invoke0(Native Method)
	at sun.reflect.NativeMethodAccessorImpl.invoke(NativeMethodAccessorImpl.java:62)
	at sun.reflect.DelegatingMethodAccessorImpl.invoke(DelegatingMethodAccessorImpl.java:43)
	at java.lang.reflect.Method.invoke(Method.java:498)
	at org.testng.internal.MethodInvocationHelper.invokeMethod(MethodInvocationHelper.java:108)
	at org.testng.internal.Invoker.invokeMethod(Invoker.java:661)
	at org.testng.internal.Invoker.invokeTestMethod(Invoker.java:869)
	at org.testng.internal.Invoker.invokeTestMethods(Invoker.java:1193)
	at org.testng.internal.TestMethodWorker.invokeTestMethods(TestMethodWorker.java:126)
	at org.testng.internal.TestMethodWorker.run(TestMethodWorker.java:109)
	at org.testng.TestRunner.privateRun(TestRunner.java:744)
	at org.testng.TestRunner.run(TestRunner.java:602)
	at org.testng.SuiteRunner.runTest(SuiteRunner.java:380)
	at org.testng.SuiteRunner.runSequentially(SuiteRunner.java:375)
	at org.testng.SuiteRunner.privateRun(SuiteRunner.java:340)
	at org.testng.SuiteRunner.run(SuiteRunner.java:289)
	at org.testng.SuiteRunnerWorker.runSuite(SuiteRunnerWorker.java:52)
	at org.testng.SuiteRunnerWorker.run(SuiteRunnerWorker.java:86)
	at org.testng.TestNG.runSuitesSequentially(TestNG.java:1301)
	at org.testng.TestNG.runSuitesLocally(TestNG.java:1226)
	at org.testng.TestNG.runSuites(TestNG.java:1144)
	at org.testng.TestNG.run(TestNG.java:1115)
	at org.testng.remote.AbstractRemoteTestNG.run(AbstractRemoteTestNG.java:132)
	at org.testng.remote.RemoteTestNG.initAndRun(RemoteTestNG.java:230)
	at org.testng.remote.RemoteTestNG.main(RemoteTestNG.java:76)
]]>
            </full-stacktrace>
          </exception> <!-- org.openqa.selenium.NoSuchElementException -->
          <reporter-output>
          </reporter-output>
        </test-method> <!-- siteNavigation -->
      </class> <!-- Questions.Question2span -->
    </test> <!-- Default test -->
  </suite> <!-- Default suite -->
</testng-results>
